Device type: mps
SE(3) iteration 0 [0.5405794  0.52008134]
SE(3) iteration 1 [0.6295196 0.6203445]
SE(3) iteration 2 [0.6803317 0.6574217]
SE(3) iteration 3 [0.6937534 0.6750139]
SE(3) iteration 4 [0.70390844 0.68231905]
SE(3) iteration 5 [0.7051569  0.68597525]
SE(3) iteration 6 [0.7050218 0.677446 ]
SE(3) iteration 7 [0.70570177 0.6969588 ]
SE(3) iteration 8 [0.70609206 0.69722986]
SE(3) iteration 9 [0.706426   0.70037884]
SE(3) iteration 10 [0.70621383 0.70303136]
SE(3) iteration 11 [0.7068542 0.7049731]
SE(3) iteration 12 [0.7069532 0.7057625]
SE(3) iteration 13 [0.70708126 0.70641273]
SE(3) iteration 14 [0.7071131 0.7071445]
SE(3) iteration 15 [0.70722896 0.70731235]
SE(3) iteration 16 [0.7072913 0.7072444]
SE(3) iteration 17 [0.7073034  0.70743585]
SE(3) iteration 18 [0.7073095 0.7074696]
SE(3) iteration 19 [0.707313  0.7072847]
SE(3) iteration 20 [0.7073147 0.7072327]
SE(3) iteration 21 [0.7073167 0.7072813]
SE(3) iteration 22 [0.70731854 0.7071538 ]
SE(3) iteration 23 [0.7073145 0.7072725]
SE(3) iteration 24 [0.7072269 0.7073849]
SE(3) iteration 25 [0.7072914  0.70739174]
SE(3) iteration 26 [0.70728034 0.7073926 ]
SE(3) iteration 27 [0.7073304 0.7073748]
SE(3) iteration 28 [0.707276  0.7073716]
