Device type: mps
ngrid:      12
grids:      [  0  25  50  75 100 125 150 175 200 225 250 275]
windows:    50
running crop: 0-50/0-50 torch.Size([1, 1000, 50])
running crop: 0-50/25-75 torch.Size([1, 1000, 75])
running crop: 0-50/50-100 torch.Size([1, 1000, 100])
running crop: 0-50/75-125 torch.Size([1, 1000, 100])
running crop: 0-50/100-150 torch.Size([1, 1000, 100])
running crop: 0-50/125-175 torch.Size([1, 1000, 100])
running crop: 0-50/150-200 torch.Size([1, 1000, 100])
running crop: 0-50/175-225 torch.Size([1, 1000, 100])
running crop: 0-50/200-250 torch.Size([1, 1000, 100])
running crop: 0-50/225-275 torch.Size([1, 1000, 100])
running crop: 0-50/250-300 torch.Size([1, 1000, 100])
running crop: 0-50/275-316 torch.Size([1, 1000, 91])
running crop: 25-75/25-75 torch.Size([1, 1000, 50])
running crop: 25-75/50-100 torch.Size([1, 1000, 75])
running crop: 25-75/75-125 torch.Size([1, 1000, 100])
running crop: 25-75/100-150 torch.Size([1, 1000, 100])
running crop: 25-75/125-175 torch.Size([1, 1000, 100])
running crop: 25-75/150-200 torch.Size([1, 1000, 100])
running crop: 25-75/175-225 torch.Size([1, 1000, 100])
running crop: 25-75/200-250 torch.Size([1, 1000, 100])
running crop: 25-75/225-275 torch.Size([1, 1000, 100])
running crop: 25-75/250-300 torch.Size([1, 1000, 100])
running crop: 25-75/275-316 torch.Size([1, 1000, 91])
running crop: 50-100/50-100 torch.Size([1, 1000, 50])
running crop: 50-100/75-125 torch.Size([1, 1000, 75])
running crop: 50-100/100-150 torch.Size([1, 1000, 100])
running crop: 50-100/125-175 torch.Size([1, 1000, 100])
running crop: 50-100/150-200 torch.Size([1, 1000, 100])
running crop: 50-100/175-225 torch.Size([1, 1000, 100])
running crop: 50-100/200-250 torch.Size([1, 1000, 100])
running crop: 50-100/225-275 torch.Size([1, 1000, 100])
running crop: 50-100/250-300 torch.Size([1, 1000, 100])
running crop: 50-100/275-316 torch.Size([1, 1000, 91])
running crop: 75-125/75-125 torch.Size([1, 1000, 50])
running crop: 75-125/100-150 torch.Size([1, 1000, 75])
running crop: 75-125/125-175 torch.Size([1, 1000, 100])
running crop: 75-125/150-200 torch.Size([1, 1000, 100])
running crop: 75-125/175-225 torch.Size([1, 1000, 100])
running crop: 75-125/200-250 torch.Size([1, 1000, 100])
running crop: 75-125/225-275 torch.Size([1, 1000, 100])
running crop: 75-125/250-300 torch.Size([1, 1000, 100])
running crop: 75-125/275-316 torch.Size([1, 1000, 91])
running crop: 100-150/100-150 torch.Size([1, 1000, 50])
running crop: 100-150/125-175 torch.Size([1, 1000, 75])
running crop: 100-150/150-200 torch.Size([1, 1000, 100])
running crop: 100-150/175-225 torch.Size([1, 1000, 100])
running crop: 100-150/200-250 torch.Size([1, 1000, 100])
running crop: 100-150/225-275 torch.Size([1, 1000, 100])
running crop: 100-150/250-300 torch.Size([1, 1000, 100])
running crop: 100-150/275-316 torch.Size([1, 1000, 91])
running crop: 125-175/125-175 torch.Size([1, 1000, 50])
running crop: 125-175/150-200 torch.Size([1, 1000, 75])
running crop: 125-175/175-225 torch.Size([1, 1000, 100])
running crop: 125-175/200-250 torch.Size([1, 1000, 100])
running crop: 125-175/225-275 torch.Size([1, 1000, 100])
running crop: 125-175/250-300 torch.Size([1, 1000, 100])
running crop: 125-175/275-316 torch.Size([1, 1000, 91])
running crop: 150-200/150-200 torch.Size([1, 1000, 50])
running crop: 150-200/175-225 torch.Size([1, 1000, 75])
running crop: 150-200/200-250 torch.Size([1, 1000, 100])
running crop: 150-200/225-275 torch.Size([1, 1000, 100])
running crop: 150-200/250-300 torch.Size([1, 1000, 100])
running crop: 150-200/275-316 torch.Size([1, 1000, 91])
running crop: 175-225/175-225 torch.Size([1, 1000, 50])
running crop: 175-225/200-250 torch.Size([1, 1000, 75])
running crop: 175-225/225-275 torch.Size([1, 1000, 100])
running crop: 175-225/250-300 torch.Size([1, 1000, 100])
running crop: 175-225/275-316 torch.Size([1, 1000, 91])
running crop: 200-250/200-250 torch.Size([1, 1000, 50])
running crop: 200-250/225-275 torch.Size([1, 1000, 75])
running crop: 200-250/250-300 torch.Size([1, 1000, 100])
running crop: 200-250/275-316 torch.Size([1, 1000, 91])
running crop: 225-275/225-275 torch.Size([1, 1000, 50])
running crop: 225-275/250-300 torch.Size([1, 1000, 75])
running crop: 225-275/275-316 torch.Size([1, 1000, 91])
running crop: 250-300/250-300 torch.Size([1, 1000, 50])
running crop: 250-300/275-316 torch.Size([1, 1000, 66])
running crop: 275-316/275-316 torch.Size([1, 1000, 41])
SE(3) iteration 0 [0.45809513 0.4633373 ]
SE(3) iteration 1 [0.5266898 0.5592349]
SE(3) iteration 2 [0.5476083  0.58302176]
SE(3) iteration 3 [0.5539764 0.5864937]
SE(3) iteration 4 [0.55780506 0.5866831 ]
SE(3) iteration 5 [0.5607423  0.58844966]
SE(3) iteration 6 [0.55922747 0.590593  ]
SE(3) iteration 7 [0.5603637  0.59073174]
SE(3) iteration 8 [0.56030804 0.59065586]
SE(3) iteration 9 [0.5616769 0.5913307]
SE(3) iteration 10 [0.5632286 0.5911343]
SE(3) iteration 11 [0.56418157 0.59186304]
SE(3) iteration 12 [0.5660447  0.59301573]
SE(3) iteration 13 [0.5662694 0.5940027]
SE(3) iteration 14 [0.56559235 0.59544575]
SE(3) iteration 15 [0.566268  0.5959098]
SE(3) iteration 16 [0.5656955  0.59607536]
SE(3) iteration 17 [0.56606895 0.5955943 ]
SE(3) iteration 18 [0.5667827 0.5952469]
SE(3) iteration 19 [0.56662035 0.59516114]
SE(3) iteration 20 [0.5668682 0.5951901]
SE(3) iteration 21 [0.5673077  0.59502065]
SE(3) iteration 22 [0.56648874 0.5948274 ]
SE(3) iteration 23 [0.56639475 0.59494156]
SE(3) iteration 24 [0.5660914 0.5950085]
SE(3) iteration 25 [0.56527007 0.5949419 ]
SE(3) iteration 26 [0.5651612 0.5953131]
SE(3) iteration 27 [0.56371933 0.5950842 ]
SE(3) iteration 28 [0.5630928  0.59487075]
SE(3) iteration 29 [0.5629061  0.59492034]
SE(3) iteration 30 [0.5619796  0.59507567]
SE(3) iteration 31 [0.56099343 0.5952253 ]
SE(3) iteration 32 [0.5601844 0.5953369]
SE(3) iteration 33 [0.5605982  0.59511435]
SE(3) iteration 34 [0.5601887 0.5951769]
SE(3) iteration 35 [0.5603094  0.59532726]
SE(3) iteration 36 [0.5601101 0.5952091]
SE(3) iteration 37 [0.5595734 0.5954901]
