FFDB: /Users/ivanchang/scalebio/RoseTTAFold/pdb100_2021Mar03/pdb100_2021Mar03
args.model_dir: /Users/ivanchang/scalebio/RoseTTAFold/weights
Use device: cpu
loading model ...
L, window*2: 316, 300
ngrid:      4
grids:      [  0  75 150 225]
windows:    150
running crop: 0-150/0-150 torch.Size([1, 1000, 150])
running crop: 0-150/75-225 torch.Size([1, 1000, 225])
running crop: 0-150/150-300 torch.Size([1, 1000, 300])
running crop: 0-150/225-316 torch.Size([1, 1000, 241])
running crop: 75-225/75-225 torch.Size([1, 1000, 150])
running crop: 75-225/150-300 torch.Size([1, 1000, 225])
running crop: 75-225/225-316 torch.Size([1, 1000, 241])
running crop: 150-300/150-300 torch.Size([1, 1000, 150])
running crop: 150-300/225-316 torch.Size([1, 1000, 166])
running crop: 225-316/225-316 torch.Size([1, 1000, 91])
SE(3) iteration 0 [0.59063417 0.6019189 ]
SE(3) iteration 1 [0.6798115 0.6637004]
SE(3) iteration 2 [0.7234614 0.6708713]
SE(3) iteration 3 [0.7277688 0.67005  ]
SE(3) iteration 4 [0.72668135 0.6708942 ]
SE(3) iteration 5 [0.7247515  0.66963154]
SE(3) iteration 6 [0.72440827 0.6701782 ]
SE(3) iteration 7 [0.72341675 0.6726564 ]
SE(3) iteration 8 [0.72329736 0.6751289 ]
SE(3) iteration 9 [0.72105676 0.6756013 ]
SE(3) iteration 10 [0.72010446 0.6747211 ]
SE(3) iteration 11 [0.71973014 0.6765618 ]
SE(3) iteration 12 [0.7193145 0.6761771]
SE(3) iteration 13 [0.71857744 0.67593783]
SE(3) iteration 14 [0.7182878 0.6743445]
